{
  "stats": {
    "suites": 18,
    "tests": 46,
    "passes": 43,
    "pending": 0,
    "failures": 3,
    "start": "2021-08-05T18:30:32.966Z",
    "end": "2021-08-05T18:33:19.940Z",
    "duration": 166974,
    "testsRegistered": 46,
    "passPercent": 93.47826086956522,
    "pendingPercent": 0,
    "other": 0,
    "hasOther": false,
    "skipped": 0,
    "hasSkipped": false
  },
  "results": [
    {
      "uuid": "543c0842-6c71-4524-8638-7ebc693c891e",
      "title": "",
      "fullFile": "",
      "file": "",
      "beforeHooks": [],
      "afterHooks": [],
      "tests": [],
      "suites": [
        {
          "uuid": "66a6d1fe-c980-4903-bc07-20976d0d2fd1",
          "title": "1 - [TELA DE LOGIN] Crie a tela de login, onde a pessoa que joga deve preencher as informações para iniciar um jogo",
          "fullFile": "",
          "file": "",
          "beforeHooks": [],
          "afterHooks": [],
          "tests": [
            {
              "title": "Escreve o nome da pessoa jogadora",
              "fullTitle": "1 - [TELA DE LOGIN] Crie a tela de login, onde a pessoa que joga deve preencher as informações para iniciar um jogo Escreve o nome da pessoa jogadora",
              "timedOut": null,
              "duration": 1615,
              "state": "passed",
              "speed": "slow",
              "pass": true,
              "fail": false,
              "pending": false,
              "context": null,
              "code": "cy.get(INPUT_PLAYER_NAME_SELECTOR).type('Nome da pessoa');",
              "err": {},
              "uuid": "257b0c7d-7db5-4e66-8d67-156a364da9a3",
              "parentUUID": "66a6d1fe-c980-4903-bc07-20976d0d2fd1",
              "isHook": false,
              "skipped": false
            },
            {
              "title": "Escreve o email da pessoa jogadora",
              "fullTitle": "1 - [TELA DE LOGIN] Crie a tela de login, onde a pessoa que joga deve preencher as informações para iniciar um jogo Escreve o email da pessoa jogadora",
              "timedOut": null,
              "duration": 607,
              "state": "passed",
              "speed": "slow",
              "pass": true,
              "fail": false,
              "pending": false,
              "context": null,
              "code": "cy.get(INPUT_PLAYER_EMAIL_SELECTOR).type('email@pessoa.com');",
              "err": {},
              "uuid": "9c036920-c046-4f89-a0d8-4f5ffba2f0db",
              "parentUUID": "66a6d1fe-c980-4903-bc07-20976d0d2fd1",
              "isHook": false,
              "skipped": false
            },
            {
              "title": "Botão Jogar desabilitado quando pessoa jogadora não preencher nenhum campo",
              "fullTitle": "1 - [TELA DE LOGIN] Crie a tela de login, onde a pessoa que joga deve preencher as informações para iniciar um jogo Botão Jogar desabilitado quando pessoa jogadora não preencher nenhum campo",
              "timedOut": null,
              "duration": 208,
              "state": "passed",
              "speed": "slow",
              "pass": true,
              "fail": false,
              "pending": false,
              "context": null,
              "code": "cy.get(BUTTON_PLAY_SELECTOR).should('be.disabled');",
              "err": {},
              "uuid": "7a3feceb-b108-4eb1-b937-d96d05d35d9d",
              "parentUUID": "66a6d1fe-c980-4903-bc07-20976d0d2fd1",
              "isHook": false,
              "skipped": false
            },
            {
              "title": "Botão Jogar desabilitado quando pessoa jogadora escrever apenas o nome",
              "fullTitle": "1 - [TELA DE LOGIN] Crie a tela de login, onde a pessoa que joga deve preencher as informações para iniciar um jogo Botão Jogar desabilitado quando pessoa jogadora escrever apenas o nome",
              "timedOut": null,
              "duration": 544,
              "state": "passed",
              "speed": "slow",
              "pass": true,
              "fail": false,
              "pending": false,
              "context": null,
              "code": "cy.get(INPUT_PLAYER_NAME_SELECTOR).type('Nome da pessoa');\ncy.get(BUTTON_PLAY_SELECTOR).should('be.disabled');",
              "err": {},
              "uuid": "185bcb1e-d04e-4161-9d68-ba7e6f928573",
              "parentUUID": "66a6d1fe-c980-4903-bc07-20976d0d2fd1",
              "isHook": false,
              "skipped": false
            },
            {
              "title": "Botão Jogar desabilitado quando pessoa jogadora escrever apenas o email",
              "fullTitle": "1 - [TELA DE LOGIN] Crie a tela de login, onde a pessoa que joga deve preencher as informações para iniciar um jogo Botão Jogar desabilitado quando pessoa jogadora escrever apenas o email",
              "timedOut": null,
              "duration": 575,
              "state": "passed",
              "speed": "slow",
              "pass": true,
              "fail": false,
              "pending": false,
              "context": null,
              "code": "cy.get(INPUT_PLAYER_EMAIL_SELECTOR).type('email@pessoa.com');\ncy.get(BUTTON_PLAY_SELECTOR).should('be.disabled');",
              "err": {},
              "uuid": "74537487-7dcd-429c-a060-95fd301fc673",
              "parentUUID": "66a6d1fe-c980-4903-bc07-20976d0d2fd1",
              "isHook": false,
              "skipped": false
            },
            {
              "title": "Botão Jogar habilitado quando pessoa jogadora preencher os campos de nome e email",
              "fullTitle": "1 - [TELA DE LOGIN] Crie a tela de login, onde a pessoa que joga deve preencher as informações para iniciar um jogo Botão Jogar habilitado quando pessoa jogadora preencher os campos de nome e email",
              "timedOut": null,
              "duration": 951,
              "state": "passed",
              "speed": "slow",
              "pass": true,
              "fail": false,
              "pending": false,
              "context": null,
              "code": "cy.get(INPUT_PLAYER_NAME_SELECTOR).type('Nome da pessoa');\ncy.get(INPUT_PLAYER_EMAIL_SELECTOR).type('email@pessoa.com');\ncy.get(BUTTON_PLAY_SELECTOR).should('not.be.disabled');",
              "err": {},
              "uuid": "3e26b4ad-e47f-411e-8d27-9b80df85bc45",
              "parentUUID": "66a6d1fe-c980-4903-bc07-20976d0d2fd1",
              "isHook": false,
              "skipped": false
            },
            {
              "title": "Verifica se a store existe no projeto",
              "fullTitle": "1 - [TELA DE LOGIN] Crie a tela de login, onde a pessoa que joga deve preencher as informações para iniciar um jogo Verifica se a store existe no projeto",
              "timedOut": null,
              "duration": 153,
              "state": "passed",
              "speed": "slow",
              "pass": true,
              "fail": false,
              "pending": false,
              "context": null,
              "code": "cy.window().its('store').invoke('getState');",
              "err": {},
              "uuid": "210a7752-9867-4a7d-a393-8d568168051a",
              "parentUUID": "66a6d1fe-c980-4903-bc07-20976d0d2fd1",
              "isHook": false,
              "skipped": false
            }
          ],
          "suites": [],
          "passes": [
            "257b0c7d-7db5-4e66-8d67-156a364da9a3",
            "9c036920-c046-4f89-a0d8-4f5ffba2f0db",
            "7a3feceb-b108-4eb1-b937-d96d05d35d9d",
            "185bcb1e-d04e-4161-9d68-ba7e6f928573",
            "74537487-7dcd-429c-a060-95fd301fc673",
            "3e26b4ad-e47f-411e-8d27-9b80df85bc45",
            "210a7752-9867-4a7d-a393-8d568168051a"
          ],
          "failures": [],
          "pending": [],
          "skipped": [],
          "duration": 4653,
          "root": false,
          "rootEmpty": false,
          "_timeout": 2000
        },
        {
          "uuid": "49708e5c-5c92-49ff-82c9-93b92f6c61db",
          "title": "2 - [TELA DE LOGIN] Crie o botão de iniciar o jogo",
          "fullFile": "",
          "file": "",
          "beforeHooks": [],
          "afterHooks": [],
          "tests": [
            {
              "title": "Inicia jogo salvando um token de jogador",
              "fullTitle": "2 - [TELA DE LOGIN] Crie o botão de iniciar o jogo Inicia jogo salvando um token de jogador",
              "timedOut": null,
              "duration": 2458,
              "state": "passed",
              "speed": "slow",
              "pass": true,
              "fail": false,
              "pending": false,
              "context": null,
              "code": "cy.get(INPUT_PLAYER_NAME_SELECTOR).type('Nome da pessoa');\ncy.get(INPUT_PLAYER_EMAIL_SELECTOR).type('email@pessoa.com');\ncy.get(BUTTON_PLAY_SELECTOR).click().should(function () {\n  expect(localStorage.getItem(TOKEN_KEY)).not.to.be.null;\n});",
              "err": {},
              "uuid": "58365fe6-28a6-4d23-a7d0-132650929b8e",
              "parentUUID": "49708e5c-5c92-49ff-82c9-93b92f6c61db",
              "isHook": false,
              "skipped": false
            }
          ],
          "suites": [],
          "passes": [
            "58365fe6-28a6-4d23-a7d0-132650929b8e"
          ],
          "failures": [],
          "pending": [],
          "skipped": [],
          "duration": 2458,
          "root": false,
          "rootEmpty": false,
          "_timeout": 2000
        },
        {
          "uuid": "3abd7d82-9b3b-41cf-b3c9-e1327e47a562",
          "title": "3 - [TELA DE LOGIN] Crie um botão na tela inicial que leve para a tela de configurações",
          "fullFile": "",
          "file": "",
          "beforeHooks": [],
          "afterHooks": [],
          "tests": [
            {
              "title": "O botão deve existir na página",
              "fullTitle": "3 - [TELA DE LOGIN] Crie um botão na tela inicial que leve para a tela de configurações O botão deve existir na página",
              "timedOut": null,
              "duration": 222,
              "state": "passed",
              "speed": "slow",
              "pass": true,
              "fail": false,
              "pending": false,
              "context": null,
              "code": "cy.get(BUTTON_SETTINGS_SELECTOR).should('exist');",
              "err": {},
              "uuid": "990fba01-8bc6-44e8-a3c1-1ca2a6fb69cb",
              "parentUUID": "3abd7d82-9b3b-41cf-b3c9-e1327e47a562",
              "isHook": false,
              "skipped": false
            },
            {
              "title": "A tela de configurações deve possuir um título",
              "fullTitle": "3 - [TELA DE LOGIN] Crie um botão na tela inicial que leve para a tela de configurações A tela de configurações deve possuir um título",
              "timedOut": null,
              "duration": 251,
              "state": "passed",
              "speed": "slow",
              "pass": true,
              "fail": false,
              "pending": false,
              "context": null,
              "code": "cy.get(BUTTON_SETTINGS_SELECTOR).click();\ncy.get(SETTINGS_TITLE_SELECTOR).should('exist');",
              "err": {},
              "uuid": "0cee5b47-3208-4ef4-abc9-132a74fcbcab",
              "parentUUID": "3abd7d82-9b3b-41cf-b3c9-e1327e47a562",
              "isHook": false,
              "skipped": false
            }
          ],
          "suites": [],
          "passes": [
            "990fba01-8bc6-44e8-a3c1-1ca2a6fb69cb",
            "0cee5b47-3208-4ef4-abc9-132a74fcbcab"
          ],
          "failures": [],
          "pending": [],
          "skipped": [],
          "duration": 473,
          "root": false,
          "rootEmpty": false,
          "_timeout": 2000
        },
        {
          "uuid": "8d22444f-7c8a-41f0-b512-e73ea79b5f57",
          "title": "4 - [TELA DE JOGO] Crie um _header_ que deve conter as informações da pessoa jogadora",
          "fullFile": "",
          "file": "",
          "beforeHooks": [],
          "afterHooks": [],
          "tests": [
            {
              "title": "A imagem do Gravatar está presente no header",
              "fullTitle": "4 - [TELA DE JOGO] Crie um _header_ que deve conter as informações da pessoa jogadora A imagem do Gravatar está presente no header",
              "timedOut": null,
              "duration": 1082,
              "state": "passed",
              "speed": "slow",
              "pass": true,
              "fail": false,
              "pending": false,
              "context": null,
              "code": "cy.get(HEADER_IMAGE_SELECTOR).should('exist');",
              "err": {},
              "uuid": "21de5e61-b5ec-4922-b407-2ef4308e20d4",
              "parentUUID": "8d22444f-7c8a-41f0-b512-e73ea79b5f57",
              "isHook": false,
              "skipped": false
            },
            {
              "title": "O nome da pessoa está presente no header",
              "fullTitle": "4 - [TELA DE JOGO] Crie um _header_ que deve conter as informações da pessoa jogadora O nome da pessoa está presente no header",
              "timedOut": null,
              "duration": 1074,
              "state": "passed",
              "speed": "slow",
              "pass": true,
              "fail": false,
              "pending": false,
              "context": null,
              "code": "cy.get(HEADER_NAME_SELECTOR).contains(name);",
              "err": {},
              "uuid": "c9776699-ac3c-4696-8e2a-30f6f230c10d",
              "parentUUID": "8d22444f-7c8a-41f0-b512-e73ea79b5f57",
              "isHook": false,
              "skipped": false
            },
            {
              "title": "O placar zerado está presente no header",
              "fullTitle": "4 - [TELA DE JOGO] Crie um _header_ que deve conter as informações da pessoa jogadora O placar zerado está presente no header",
              "timedOut": null,
              "duration": 1768,
              "state": "passed",
              "speed": "slow",
              "pass": true,
              "fail": false,
              "pending": false,
              "context": null,
              "code": "cy.get(HEADER_SCORE_SELECTOR).contains('0');",
              "err": {},
              "uuid": "c81770e9-2f2a-47dc-8d96-3b6f144230ec",
              "parentUUID": "8d22444f-7c8a-41f0-b512-e73ea79b5f57",
              "isHook": false,
              "skipped": false
            }
          ],
          "suites": [],
          "passes": [
            "21de5e61-b5ec-4922-b407-2ef4308e20d4",
            "c9776699-ac3c-4696-8e2a-30f6f230c10d",
            "c81770e9-2f2a-47dc-8d96-3b6f144230ec"
          ],
          "failures": [],
          "pending": [],
          "skipped": [],
          "duration": 3924,
          "root": false,
          "rootEmpty": false,
          "_timeout": 2000
        },
        {
          "uuid": "3853c514-2e29-4ef4-8397-0eb5203712fa",
          "title": "5 - [TELA DE JOGO] Crie a página de jogo que deve conter as informações relacionadas à pergunta",
          "fullFile": "",
          "file": "",
          "beforeHooks": [],
          "afterHooks": [],
          "tests": [
            {
              "title": "A categoria da pergunta está presente",
              "fullTitle": "5 - [TELA DE JOGO] Crie a página de jogo que deve conter as informações relacionadas à pergunta A categoria da pergunta está presente",
              "timedOut": null,
              "duration": 1184,
              "state": "passed",
              "speed": "slow",
              "pass": true,
              "fail": false,
              "pending": false,
              "context": null,
              "code": "cy.get(QUESTION_CATEGORY_SELECTOR).should('exist');",
              "err": {},
              "uuid": "3bbd9f99-f1e7-4126-8060-87104da0db4b",
              "parentUUID": "3853c514-2e29-4ef4-8397-0eb5203712fa",
              "isHook": false,
              "skipped": false
            },
            {
              "title": "O texto da pergunta está presente",
              "fullTitle": "5 - [TELA DE JOGO] Crie a página de jogo que deve conter as informações relacionadas à pergunta O texto da pergunta está presente",
              "timedOut": null,
              "duration": 1161,
              "state": "passed",
              "speed": "slow",
              "pass": true,
              "fail": false,
              "pending": false,
              "context": null,
              "code": "cy.get(QUESTION_TEXT_SELECTOR).should('exist');",
              "err": {},
              "uuid": "f61e4760-4c1f-4920-9a60-41e495b2b6a2",
              "parentUUID": "3853c514-2e29-4ef4-8397-0eb5203712fa",
              "isHook": false,
              "skipped": false
            },
            {
              "title": "As alternativas devem estar presentes",
              "fullTitle": "5 - [TELA DE JOGO] Crie a página de jogo que deve conter as informações relacionadas à pergunta As alternativas devem estar presentes",
              "timedOut": null,
              "duration": 1179,
              "state": "passed",
              "speed": "slow",
              "pass": true,
              "fail": false,
              "pending": false,
              "context": null,
              "code": "cy.get(CORRECT_ALTERNATIVE_SELECTOR).should('exist');\ncy.get(WRONG_ALTERNATIVES_SELECTOR).should('exist');",
              "err": {},
              "uuid": "7e06fcc0-89ec-44c6-a470-a88413f397f0",
              "parentUUID": "3853c514-2e29-4ef4-8397-0eb5203712fa",
              "isHook": false,
              "skipped": false
            }
          ],
          "suites": [],
          "passes": [
            "3bbd9f99-f1e7-4126-8060-87104da0db4b",
            "f61e4760-4c1f-4920-9a60-41e495b2b6a2",
            "7e06fcc0-89ec-44c6-a470-a88413f397f0"
          ],
          "failures": [],
          "pending": [],
          "skipped": [],
          "duration": 3524,
          "root": false,
          "rootEmpty": false,
          "_timeout": 2000
        },
        {
          "uuid": "6e8cd29e-8f42-4ea9-a353-ecc75b3db513",
          "title": "6 - [TELA DE JOGO] Desenvolva o jogo onde só deve ser possível escolher uma resposta correta por pergunta",
          "fullFile": "",
          "file": "",
          "beforeHooks": [],
          "afterHooks": [],
          "tests": [
            {
              "title": "A quantidade de respostas corretas deve ser 1",
              "fullTitle": "6 - [TELA DE JOGO] Desenvolva o jogo onde só deve ser possível escolher uma resposta correta por pergunta A quantidade de respostas corretas deve ser 1",
              "timedOut": null,
              "duration": 1174,
              "state": "passed",
              "speed": "slow",
              "pass": true,
              "fail": false,
              "pending": false,
              "context": null,
              "code": "cy.get(CORRECT_ALTERNATIVE_SELECTOR).should('have.length', 1);",
              "err": {},
              "uuid": "63a45ce6-e6f5-461b-967c-98171b2026ba",
              "parentUUID": "6e8cd29e-8f42-4ea9-a353-ecc75b3db513",
              "isHook": false,
              "skipped": false
            }
          ],
          "suites": [],
          "passes": [
            "63a45ce6-e6f5-461b-967c-98171b2026ba"
          ],
          "failures": [],
          "pending": [],
          "skipped": [],
          "duration": 1174,
          "root": false,
          "rootEmpty": false,
          "_timeout": 2000
        },
        {
          "uuid": "8c93a16e-96a2-47ac-ae98-32f2723d5702",
          "title": "7 - [TELA DE JOGO] Desenvolva o estilo que, ao clicar em uma resposta, a correta deve ficar verde e as incorretas, vermelhas",
          "fullFile": "",
          "file": "",
          "beforeHooks": [],
          "afterHooks": [],
          "tests": [
            {
              "title": "Verifica cor da alternativa correta quando acerta a questão",
              "fullTitle": "7 - [TELA DE JOGO] Desenvolva o estilo que, ao clicar em uma resposta, a correta deve ficar verde e as incorretas, vermelhas Verifica cor da alternativa correta quando acerta a questão",
              "timedOut": null,
              "duration": 1280,
              "state": "passed",
              "speed": "slow",
              "pass": true,
              "fail": false,
              "pending": false,
              "context": null,
              "code": "cy.get(CORRECT_ALTERNATIVE_SELECTOR).click();\ncy.get(CORRECT_ALTERNATIVE_SELECTOR).should('have.css', 'border-color', 'rgb(6, 240, 15)');\ncy.get(CORRECT_ALTERNATIVE_SELECTOR).should('have.css', 'border-style', 'solid');\ncy.get(CORRECT_ALTERNATIVE_SELECTOR).should('have.css', 'border-width', '3px');",
              "err": {},
              "uuid": "e5de3652-bb3d-48a4-8666-ea12f8647a9a",
              "parentUUID": "8c93a16e-96a2-47ac-ae98-32f2723d5702",
              "isHook": false,
              "skipped": false
            },
            {
              "title": "Verifica a cor das alternativas incorretas quando acerta a questão",
              "fullTitle": "7 - [TELA DE JOGO] Desenvolva o estilo que, ao clicar em uma resposta, a correta deve ficar verde e as incorretas, vermelhas Verifica a cor das alternativas incorretas quando acerta a questão",
              "timedOut": null,
              "duration": 1223,
              "state": "passed",
              "speed": "slow",
              "pass": true,
              "fail": false,
              "pending": false,
              "context": null,
              "code": "cy.get(CORRECT_ALTERNATIVE_SELECTOR).click();\ncy.get(WRONG_ALTERNATIVES_SELECTOR).should('have.css', 'border-color', 'rgb(255, 0, 0)');\ncy.get(WRONG_ALTERNATIVES_SELECTOR).should('have.css', 'border-style', 'solid');\ncy.get(WRONG_ALTERNATIVES_SELECTOR).should('have.css', 'border-width', '3px');",
              "err": {},
              "uuid": "fc50b3ab-137b-4bc0-81b6-055259d59369",
              "parentUUID": "8c93a16e-96a2-47ac-ae98-32f2723d5702",
              "isHook": false,
              "skipped": false
            },
            {
              "title": "Verifica cor da alternativa correta quando erra a questão",
              "fullTitle": "7 - [TELA DE JOGO] Desenvolva o estilo que, ao clicar em uma resposta, a correta deve ficar verde e as incorretas, vermelhas Verifica cor da alternativa correta quando erra a questão",
              "timedOut": null,
              "duration": 1245,
              "state": "passed",
              "speed": "slow",
              "pass": true,
              "fail": false,
              "pending": false,
              "context": null,
              "code": "cy.get(WRONG_ALTERNATIVES_SELECTOR).first().click();\ncy.get(CORRECT_ALTERNATIVE_SELECTOR).should('have.css', 'border-color', 'rgb(6, 240, 15)');\ncy.get(CORRECT_ALTERNATIVE_SELECTOR).should('have.css', 'border-style', 'solid');\ncy.get(CORRECT_ALTERNATIVE_SELECTOR).should('have.css', 'border-width', '3px');",
              "err": {},
              "uuid": "d68509f6-ede8-417b-89be-0ddb3cd947dc",
              "parentUUID": "8c93a16e-96a2-47ac-ae98-32f2723d5702",
              "isHook": false,
              "skipped": false
            },
            {
              "title": "Verifica a cor das alternativas incorretas quando erra a questão",
              "fullTitle": "7 - [TELA DE JOGO] Desenvolva o estilo que, ao clicar em uma resposta, a correta deve ficar verde e as incorretas, vermelhas Verifica a cor das alternativas incorretas quando erra a questão",
              "timedOut": null,
              "duration": 1233,
              "state": "passed",
              "speed": "slow",
              "pass": true,
              "fail": false,
              "pending": false,
              "context": null,
              "code": "cy.get(WRONG_ALTERNATIVES_SELECTOR).first().click();\ncy.get(WRONG_ALTERNATIVES_SELECTOR).should('have.css', 'border-color', 'rgb(255, 0, 0)');\ncy.get(WRONG_ALTERNATIVES_SELECTOR).should('have.css', 'border-style', 'solid');\ncy.get(WRONG_ALTERNATIVES_SELECTOR).should('have.css', 'border-width', '3px');",
              "err": {},
              "uuid": "64684d21-5f65-457d-8d48-3b178ab260b1",
              "parentUUID": "8c93a16e-96a2-47ac-ae98-32f2723d5702",
              "isHook": false,
              "skipped": false
            }
          ],
          "suites": [],
          "passes": [
            "e5de3652-bb3d-48a4-8666-ea12f8647a9a",
            "fc50b3ab-137b-4bc0-81b6-055259d59369",
            "d68509f6-ede8-417b-89be-0ddb3cd947dc",
            "64684d21-5f65-457d-8d48-3b178ab260b1"
          ],
          "failures": [],
          "pending": [],
          "skipped": [],
          "duration": 4981,
          "root": false,
          "rootEmpty": false,
          "_timeout": 2000
        },
        {
          "uuid": "bdb21d9b-feb4-410a-b094-52269dc633af",
          "title": "8 - [TELA DE JOGO] Desenvolva um timer onde a pessoa que joga tem 30 segundos para responder",
          "fullFile": "",
          "file": "",
          "beforeHooks": [],
          "afterHooks": [],
          "tests": [
            {
              "title": "Aguarda 5 segundos e responde a alternativa correta",
              "fullTitle": "8 - [TELA DE JOGO] Desenvolva um timer onde a pessoa que joga tem 30 segundos para responder Aguarda 5 segundos e responde a alternativa correta",
              "timedOut": null,
              "duration": 6171,
              "state": "passed",
              "speed": "slow",
              "pass": true,
              "fail": false,
              "pending": false,
              "context": null,
              "code": "cy.wait(5000);\ncy.get(CORRECT_ALTERNATIVE_SELECTOR).should('not.be.disabled').click();",
              "err": {},
              "uuid": "ec68ed0e-0080-4c18-bcb1-5523641fc116",
              "parentUUID": "bdb21d9b-feb4-410a-b094-52269dc633af",
              "isHook": false,
              "skipped": false
            },
            {
              "title": "Aguarda mais de 30 segundos para responder",
              "fullTitle": "8 - [TELA DE JOGO] Desenvolva um timer onde a pessoa que joga tem 30 segundos para responder Aguarda mais de 30 segundos para responder",
              "timedOut": null,
              "duration": 33113,
              "state": "passed",
              "speed": "slow",
              "pass": true,
              "fail": false,
              "pending": false,
              "context": null,
              "code": "cy.wait(32000);\ncy.get(CORRECT_ALTERNATIVE_SELECTOR).should('be.disabled');",
              "err": {},
              "uuid": "aaf55241-dc9d-4701-aee5-e704d15999e9",
              "parentUUID": "bdb21d9b-feb4-410a-b094-52269dc633af",
              "isHook": false,
              "skipped": false
            }
          ],
          "suites": [],
          "passes": [
            "ec68ed0e-0080-4c18-bcb1-5523641fc116",
            "aaf55241-dc9d-4701-aee5-e704d15999e9"
          ],
          "failures": [],
          "pending": [],
          "skipped": [],
          "duration": 39284,
          "root": false,
          "rootEmpty": false,
          "_timeout": 2000
        },
        {
          "uuid": "380d002f-f429-4788-847e-3b8d6c187cd6",
          "title": "9 - [TELA DE JOGO] Crie o placar com as seguintes características:",
          "fullFile": "",
          "file": "",
          "beforeHooks": [],
          "afterHooks": [],
          "tests": [
            {
              "title": "Soma pontos ao acertar uma questão",
              "fullTitle": "9 - [TELA DE JOGO] Crie o placar com as seguintes características: Soma pontos ao acertar uma questão",
              "timedOut": null,
              "duration": 2538,
              "state": "passed",
              "speed": "slow",
              "pass": true,
              "fail": false,
              "pending": false,
              "context": null,
              "code": "var then = JSON.parse(localStorage.getItem(LOCAL_STORAGE_STATE_KEY));\ncy.get(CORRECT_ALTERNATIVE_SELECTOR).click().then(function () {\n  var now = JSON.parse(localStorage.getItem(LOCAL_STORAGE_STATE_KEY));\n  expect(then.player.score).to.be.lt(now.player.score);\n});",
              "err": {},
              "uuid": "20ab8655-8213-40cf-a7df-0dc95bb4a438",
              "parentUUID": "380d002f-f429-4788-847e-3b8d6c187cd6",
              "isHook": false,
              "skipped": false
            },
            {
              "title": "Não soma pontos ao errar uma questão",
              "fullTitle": "9 - [TELA DE JOGO] Crie o placar com as seguintes características: Não soma pontos ao errar uma questão",
              "timedOut": null,
              "duration": 1239,
              "state": "passed",
              "speed": "slow",
              "pass": true,
              "fail": false,
              "pending": false,
              "context": null,
              "code": "var then = JSON.parse(localStorage.getItem(LOCAL_STORAGE_STATE_KEY));\ncy.get(WRONG_ALTERNATIVES_SELECTOR).first().click().then(function () {\n  var now = JSON.parse(localStorage.getItem(LOCAL_STORAGE_STATE_KEY));\n  expect(then.player.score).to.be.eq(now.player.score);\n});",
              "err": {},
              "uuid": "197e01ae-5a45-47b9-b6d4-742a3e711c2e",
              "parentUUID": "380d002f-f429-4788-847e-3b8d6c187cd6",
              "isHook": false,
              "skipped": false
            }
          ],
          "suites": [],
          "passes": [
            "20ab8655-8213-40cf-a7df-0dc95bb4a438",
            "197e01ae-5a45-47b9-b6d4-742a3e711c2e"
          ],
          "failures": [],
          "pending": [],
          "skipped": [],
          "duration": 3777,
          "root": false,
          "rootEmpty": false,
          "_timeout": 2000
        },
        {
          "uuid": "e6442757-7f61-4df7-9942-50e275b563a4",
          "title": "10 - [TELA DE JOGO] Crie um botão de \"Próxima\" que apareça após a resposta ser dada",
          "fullFile": "",
          "file": "",
          "beforeHooks": [],
          "afterHooks": [],
          "tests": [
            {
              "title": "O botão de próxima pergunta não deve ser visível o início do jogo",
              "fullTitle": "10 - [TELA DE JOGO] Crie um botão de \"Próxima\" que apareça após a resposta ser dada O botão de próxima pergunta não deve ser visível o início do jogo",
              "timedOut": null,
              "duration": 1178,
              "state": "passed",
              "speed": "slow",
              "pass": true,
              "fail": false,
              "pending": false,
              "context": null,
              "code": "cy.get(BUTTON_NEXT_QUESTION_SELECTOR).should('not.be.visible');",
              "err": {},
              "uuid": "2f2e4e49-1b0d-4ea7-b18a-80bc5d3a8827",
              "parentUUID": "e6442757-7f61-4df7-9942-50e275b563a4",
              "isHook": false,
              "skipped": false
            },
            {
              "title": "Botão de próxima pergunta é visível quando a pergunta é respondida corretamente",
              "fullTitle": "10 - [TELA DE JOGO] Crie um botão de \"Próxima\" que apareça após a resposta ser dada Botão de próxima pergunta é visível quando a pergunta é respondida corretamente",
              "timedOut": null,
              "duration": 1182,
              "state": "passed",
              "speed": "slow",
              "pass": true,
              "fail": false,
              "pending": false,
              "context": null,
              "code": "cy.get(CORRECT_ALTERNATIVE_SELECTOR).click();\ncy.get(BUTTON_NEXT_QUESTION_SELECTOR).should('be.visible');",
              "err": {},
              "uuid": "2f135ac4-679e-475b-b223-c66361163332",
              "parentUUID": "e6442757-7f61-4df7-9942-50e275b563a4",
              "isHook": false,
              "skipped": false
            },
            {
              "title": "Botão de próxima pergunta é visível quando a pergunta é respondida incorretamente",
              "fullTitle": "10 - [TELA DE JOGO] Crie um botão de \"Próxima\" que apareça após a resposta ser dada Botão de próxima pergunta é visível quando a pergunta é respondida incorretamente",
              "timedOut": null,
              "duration": 1186,
              "state": "passed",
              "speed": "slow",
              "pass": true,
              "fail": false,
              "pending": false,
              "context": null,
              "code": "cy.get(WRONG_ALTERNATIVES_SELECTOR).first().click();\ncy.get(BUTTON_NEXT_QUESTION_SELECTOR).should('be.visible');",
              "err": {},
              "uuid": "1ccda4d0-e60a-4820-814a-611b29aa2f28",
              "parentUUID": "e6442757-7f61-4df7-9942-50e275b563a4",
              "isHook": false,
              "skipped": false
            }
          ],
          "suites": [],
          "passes": [
            "2f2e4e49-1b0d-4ea7-b18a-80bc5d3a8827",
            "2f135ac4-679e-475b-b223-c66361163332",
            "1ccda4d0-e60a-4820-814a-611b29aa2f28"
          ],
          "failures": [],
          "pending": [],
          "skipped": [],
          "duration": 3546,
          "root": false,
          "rootEmpty": false,
          "_timeout": 2000
        },
        {
          "uuid": "c5104dee-cea1-4f16-80a7-57567da17370",
          "title": "11 - [TELA DE JOGO] Desenvolva o jogo de forma que a pessoa que joga deve responder 5 perguntas no total",
          "fullFile": "",
          "file": "",
          "beforeHooks": [],
          "afterHooks": [],
          "tests": [
            {
              "title": "Acerta todas as perguntas",
              "fullTitle": "11 - [TELA DE JOGO] Desenvolva o jogo de forma que a pessoa que joga deve responder 5 perguntas no total Acerta todas as perguntas",
              "timedOut": null,
              "duration": 1951,
              "state": "passed",
              "speed": "slow",
              "pass": true,
              "fail": false,
              "pending": false,
              "context": null,
              "code": "var before = JSON.parse(localStorage.getItem(LOCAL_STORAGE_STATE_KEY));\ncy.get(CORRECT_ALTERNATIVE_SELECTOR).click();\ncy.get(BUTTON_NEXT_QUESTION_SELECTOR).click();\ncy.get(CORRECT_ALTERNATIVE_SELECTOR).click();\ncy.get(BUTTON_NEXT_QUESTION_SELECTOR).click();\ncy.get(CORRECT_ALTERNATIVE_SELECTOR).click();\ncy.get(BUTTON_NEXT_QUESTION_SELECTOR).click();\ncy.get(CORRECT_ALTERNATIVE_SELECTOR).click();\ncy.get(BUTTON_NEXT_QUESTION_SELECTOR).click();\ncy.get(CORRECT_ALTERNATIVE_SELECTOR).click().then(function () {\n  var after = JSON.parse(localStorage.getItem(LOCAL_STORAGE_STATE_KEY));\n  expect(before.player.score).to.be.lt(after.player.score);\n});",
              "err": {},
              "uuid": "1eba558c-22dc-447b-822c-244a3d7dd8bd",
              "parentUUID": "c5104dee-cea1-4f16-80a7-57567da17370",
              "isHook": false,
              "skipped": false
            },
            {
              "title": "Erra todas as perguntas",
              "fullTitle": "11 - [TELA DE JOGO] Desenvolva o jogo de forma que a pessoa que joga deve responder 5 perguntas no total Erra todas as perguntas",
              "timedOut": null,
              "duration": 1934,
              "state": "passed",
              "speed": "slow",
              "pass": true,
              "fail": false,
              "pending": false,
              "context": null,
              "code": "var before = JSON.parse(localStorage.getItem(LOCAL_STORAGE_STATE_KEY));\ncy.get(WRONG_ALTERNATIVES_SELECTOR).first().click();\ncy.get(BUTTON_NEXT_QUESTION_SELECTOR).click();\ncy.get(WRONG_ALTERNATIVES_SELECTOR).first().click();\ncy.get(BUTTON_NEXT_QUESTION_SELECTOR).click();\ncy.get(WRONG_ALTERNATIVES_SELECTOR).first().click();\ncy.get(BUTTON_NEXT_QUESTION_SELECTOR).click();\ncy.get(WRONG_ALTERNATIVES_SELECTOR).first().click();\ncy.get(BUTTON_NEXT_QUESTION_SELECTOR).click();\ncy.get(WRONG_ALTERNATIVES_SELECTOR).first().click().then(function () {\n  var after = JSON.parse(localStorage.getItem(LOCAL_STORAGE_STATE_KEY));\n  expect(before.player.score).to.be.eq(after.player.score);\n});",
              "err": {},
              "uuid": "fe4749c0-767c-47b4-b6bc-c43167f39991",
              "parentUUID": "c5104dee-cea1-4f16-80a7-57567da17370",
              "isHook": false,
              "skipped": false
            },
            {
              "title": "Redireciona para a tela de _feedback_ após a quinta pergunta",
              "fullTitle": "11 - [TELA DE JOGO] Desenvolva o jogo de forma que a pessoa que joga deve responder 5 perguntas no total Redireciona para a tela de _feedback_ após a quinta pergunta",
              "timedOut": null,
              "duration": 2448,
              "state": "passed",
              "speed": "slow",
              "pass": true,
              "fail": false,
              "pending": false,
              "context": null,
              "code": "cy.get(CORRECT_ALTERNATIVE_SELECTOR).click();\ncy.get(BUTTON_NEXT_QUESTION_SELECTOR).click();\ncy.get(CORRECT_ALTERNATIVE_SELECTOR).click();\ncy.get(BUTTON_NEXT_QUESTION_SELECTOR).click();\ncy.get(CORRECT_ALTERNATIVE_SELECTOR).click();\ncy.get(BUTTON_NEXT_QUESTION_SELECTOR).click();\ncy.get(CORRECT_ALTERNATIVE_SELECTOR).click();\ncy.get(BUTTON_NEXT_QUESTION_SELECTOR).click();\ncy.get(CORRECT_ALTERNATIVE_SELECTOR).click();\ncy.get(BUTTON_NEXT_QUESTION_SELECTOR).click();\ncy.get(FEEDBACK_TEXT_SELECTOR).should('exist');",
              "err": {},
              "uuid": "b37cb76b-2f6b-47fb-84c3-3bb958514f8f",
              "parentUUID": "c5104dee-cea1-4f16-80a7-57567da17370",
              "isHook": false,
              "skipped": false
            }
          ],
          "suites": [],
          "passes": [
            "1eba558c-22dc-447b-822c-244a3d7dd8bd",
            "fe4749c0-767c-47b4-b6bc-c43167f39991",
            "b37cb76b-2f6b-47fb-84c3-3bb958514f8f"
          ],
          "failures": [],
          "pending": [],
          "skipped": [],
          "duration": 6333,
          "root": false,
          "rootEmpty": false,
          "_timeout": 2000
        },
        {
          "uuid": "b0e0351a-56f0-4c0c-a24f-06d19bda10ee",
          "title": "12 - [TELA DE FEEDBACK] Desenvolva o header de _feedback_ que deve conter as informações da pessoa jogadora",
          "fullFile": "",
          "file": "",
          "beforeHooks": [],
          "afterHooks": [],
          "tests": [
            {
              "title": "A imagem do Gravatar está presente no header",
              "fullTitle": "12 - [TELA DE FEEDBACK] Desenvolva o header de _feedback_ que deve conter as informações da pessoa jogadora A imagem do Gravatar está presente no header",
              "timedOut": null,
              "duration": 2493,
              "state": "passed",
              "speed": "slow",
              "pass": true,
              "fail": false,
              "pending": false,
              "context": null,
              "code": "cy.get(HEADER_IMAGE_SELECTOR).should('exist');",
              "err": {},
              "uuid": "1efb2af1-0743-4df4-9c47-9cbc7e7d3564",
              "parentUUID": "b0e0351a-56f0-4c0c-a24f-06d19bda10ee",
              "isHook": false,
              "skipped": false
            },
            {
              "title": "O nome da pessoa está presente no header",
              "fullTitle": "12 - [TELA DE FEEDBACK] Desenvolva o header de _feedback_ que deve conter as informações da pessoa jogadora O nome da pessoa está presente no header",
              "timedOut": null,
              "duration": 2436,
              "state": "passed",
              "speed": "slow",
              "pass": true,
              "fail": false,
              "pending": false,
              "context": null,
              "code": "cy.get(HEADER_NAME_SELECTOR).contains(name);",
              "err": {},
              "uuid": "a151434b-797d-4ce2-9fb3-037ab37cec81",
              "parentUUID": "b0e0351a-56f0-4c0c-a24f-06d19bda10ee",
              "isHook": false,
              "skipped": false
            },
            {
              "title": "O placar com o valor atual está presente no header",
              "fullTitle": "12 - [TELA DE FEEDBACK] Desenvolva o header de _feedback_ que deve conter as informações da pessoa jogadora O placar com o valor atual está presente no header",
              "timedOut": null,
              "duration": 3840,
              "state": "passed",
              "speed": "slow",
              "pass": true,
              "fail": false,
              "pending": false,
              "context": null,
              "code": "cy.get(HEADER_SCORE_SELECTOR).should(function ($el) {\n  var state = JSON.parse(localStorage.getItem(LOCAL_STORAGE_STATE_KEY));\n  expect(parseInt($el.text())).to.be.eq(state.player.score);\n});",
              "err": {},
              "uuid": "e77ff76d-c4e5-4552-9373-4bcd0f6e38a2",
              "parentUUID": "b0e0351a-56f0-4c0c-a24f-06d19bda10ee",
              "isHook": false,
              "skipped": false
            }
          ],
          "suites": [],
          "passes": [
            "1efb2af1-0743-4df4-9c47-9cbc7e7d3564",
            "a151434b-797d-4ce2-9fb3-037ab37cec81",
            "e77ff76d-c4e5-4552-9373-4bcd0f6e38a2"
          ],
          "failures": [],
          "pending": [],
          "skipped": [],
          "duration": 8769,
          "root": false,
          "rootEmpty": false,
          "_timeout": 2000
        },
        {
          "uuid": "5e6af40d-3d35-4107-81fc-d6f13f9cd76f",
          "title": "13 - [TELA DE FEEDBACK] Crie a mensagem de _feedback_ para ser exibida a pessoa usuária",
          "fullFile": "",
          "file": "",
          "beforeHooks": [],
          "afterHooks": [],
          "tests": [
            {
              "title": "Acertou menos de 3 perguntas",
              "fullTitle": "13 - [TELA DE FEEDBACK] Crie a mensagem de _feedback_ para ser exibida a pessoa usuária Acertou menos de 3 perguntas",
              "timedOut": null,
              "duration": 2298,
              "state": "passed",
              "speed": "slow",
              "pass": true,
              "fail": false,
              "pending": false,
              "context": null,
              "code": "cy.get(CORRECT_ALTERNATIVE_SELECTOR).click();\ncy.get(BUTTON_NEXT_QUESTION_SELECTOR).click();\ncy.get(CORRECT_ALTERNATIVE_SELECTOR).click();\ncy.get(BUTTON_NEXT_QUESTION_SELECTOR).click();\ncy.get(WRONG_ALTERNATIVES_SELECTOR).first().click();\ncy.get(BUTTON_NEXT_QUESTION_SELECTOR).click();\ncy.get(WRONG_ALTERNATIVES_SELECTOR).first().click();\ncy.get(BUTTON_NEXT_QUESTION_SELECTOR).click();\ncy.get(WRONG_ALTERNATIVES_SELECTOR).first().click();\ncy.get(BUTTON_NEXT_QUESTION_SELECTOR).click();\ncy.get(FEEDBACK_TEXT_SELECTOR).contains('Podia ser melhor...');",
              "err": {},
              "uuid": "26a36065-8875-43bc-a170-02f7ea99f01c",
              "parentUUID": "5e6af40d-3d35-4107-81fc-d6f13f9cd76f",
              "isHook": false,
              "skipped": false
            },
            {
              "title": "Acertou 3 perguntas",
              "fullTitle": "13 - [TELA DE FEEDBACK] Crie a mensagem de _feedback_ para ser exibida a pessoa usuária Acertou 3 perguntas",
              "timedOut": null,
              "duration": 2007,
              "state": "passed",
              "speed": "slow",
              "pass": true,
              "fail": false,
              "pending": false,
              "context": null,
              "code": "cy.get(WRONG_ALTERNATIVES_SELECTOR).first().click();\ncy.get(BUTTON_NEXT_QUESTION_SELECTOR).click();\ncy.get(CORRECT_ALTERNATIVE_SELECTOR).click();\ncy.get(BUTTON_NEXT_QUESTION_SELECTOR).click();\ncy.get(WRONG_ALTERNATIVES_SELECTOR).first().click();\ncy.get(BUTTON_NEXT_QUESTION_SELECTOR).click();\ncy.get(CORRECT_ALTERNATIVE_SELECTOR).first().click();\ncy.get(BUTTON_NEXT_QUESTION_SELECTOR).click();\ncy.get(CORRECT_ALTERNATIVE_SELECTOR).click();\ncy.get(BUTTON_NEXT_QUESTION_SELECTOR).click();\ncy.get(FEEDBACK_TEXT_SELECTOR).contains('Mandou bem!');",
              "err": {},
              "uuid": "b33c221a-c49d-44f3-bff5-a8493a14b51b",
              "parentUUID": "5e6af40d-3d35-4107-81fc-d6f13f9cd76f",
              "isHook": false,
              "skipped": false
            },
            {
              "title": "Acertou mais de 3 perguntas",
              "fullTitle": "13 - [TELA DE FEEDBACK] Crie a mensagem de _feedback_ para ser exibida a pessoa usuária Acertou mais de 3 perguntas",
              "timedOut": null,
              "duration": 1990,
              "state": "passed",
              "speed": "slow",
              "pass": true,
              "fail": false,
              "pending": false,
              "context": null,
              "code": "cy.get(CORRECT_ALTERNATIVE_SELECTOR).click();\ncy.get(BUTTON_NEXT_QUESTION_SELECTOR).click();\ncy.get(CORRECT_ALTERNATIVE_SELECTOR).click();\ncy.get(BUTTON_NEXT_QUESTION_SELECTOR).click();\ncy.get(WRONG_ALTERNATIVES_SELECTOR).first().click();\ncy.get(BUTTON_NEXT_QUESTION_SELECTOR).click();\ncy.get(CORRECT_ALTERNATIVE_SELECTOR).click();\ncy.get(BUTTON_NEXT_QUESTION_SELECTOR).click();\ncy.get(CORRECT_ALTERNATIVE_SELECTOR).click();\ncy.get(BUTTON_NEXT_QUESTION_SELECTOR).click();\ncy.get(FEEDBACK_TEXT_SELECTOR).contains('Mandou bem!');",
              "err": {},
              "uuid": "20a40f10-3165-437a-870f-d75f228612f4",
              "parentUUID": "5e6af40d-3d35-4107-81fc-d6f13f9cd76f",
              "isHook": false,
              "skipped": false
            }
          ],
          "suites": [],
          "passes": [
            "26a36065-8875-43bc-a170-02f7ea99f01c",
            "b33c221a-c49d-44f3-bff5-a8493a14b51b",
            "20a40f10-3165-437a-870f-d75f228612f4"
          ],
          "failures": [],
          "pending": [],
          "skipped": [],
          "duration": 6295,
          "root": false,
          "rootEmpty": false,
          "_timeout": 2000
        },
        {
          "uuid": "8fd69023-620a-4d9d-aa9f-99d683333e59",
          "title": "14 - [TELA DE FEEDBACK] Exiba as informações relacionadas aos resultados obtidos para a pessoa usuária",
          "fullFile": "",
          "file": "",
          "beforeHooks": [],
          "afterHooks": [],
          "tests": [
            {
              "title": "Não acertou nenhuma pergunta",
              "fullTitle": "14 - [TELA DE FEEDBACK] Exiba as informações relacionadas aos resultados obtidos para a pessoa usuária Não acertou nenhuma pergunta",
              "timedOut": null,
              "duration": 2017,
              "state": "passed",
              "speed": "slow",
              "pass": true,
              "fail": false,
              "pending": false,
              "context": null,
              "code": "cy.get(WRONG_ALTERNATIVES_SELECTOR).first().click();\ncy.get(BUTTON_NEXT_QUESTION_SELECTOR).click();\ncy.get(WRONG_ALTERNATIVES_SELECTOR).first().click();\ncy.get(BUTTON_NEXT_QUESTION_SELECTOR).click();\ncy.get(WRONG_ALTERNATIVES_SELECTOR).first().click();\ncy.get(BUTTON_NEXT_QUESTION_SELECTOR).click();\ncy.get(WRONG_ALTERNATIVES_SELECTOR).first().click();\ncy.get(BUTTON_NEXT_QUESTION_SELECTOR).click();\ncy.get(WRONG_ALTERNATIVES_SELECTOR).first().click();\ncy.get(BUTTON_NEXT_QUESTION_SELECTOR).click();\ncy.get(FEEDBACK_TOTAL_SCORE_SELECTOR).should(function ($el) {\n  var state = JSON.parse(localStorage.getItem(LOCAL_STORAGE_STATE_KEY));\n  expect(parseInt($el.text())).to.be.eq(state.player.score);\n});\ncy.get(FEEDBACK_TOTAL_QUESTION_SELECTOR).should(function ($el) {\n  var state = JSON.parse(localStorage.getItem(LOCAL_STORAGE_STATE_KEY));\n  expect(parseInt($el.text())).to.be.eq(state.player.assertions);\n});",
              "err": {},
              "uuid": "62679544-145c-4766-a048-c2728ae6e4ca",
              "parentUUID": "8fd69023-620a-4d9d-aa9f-99d683333e59",
              "isHook": false,
              "skipped": false
            },
            {
              "title": "Acertou 2 perguntas",
              "fullTitle": "14 - [TELA DE FEEDBACK] Exiba as informações relacionadas aos resultados obtidos para a pessoa usuária Acertou 2 perguntas",
              "timedOut": null,
              "duration": 3918,
              "state": "passed",
              "speed": "slow",
              "pass": true,
              "fail": false,
              "pending": false,
              "context": null,
              "code": "cy.get(CORRECT_ALTERNATIVE_SELECTOR).click();\ncy.get(BUTTON_NEXT_QUESTION_SELECTOR).click();\ncy.get(CORRECT_ALTERNATIVE_SELECTOR).click();\ncy.get(BUTTON_NEXT_QUESTION_SELECTOR).click();\ncy.get(WRONG_ALTERNATIVES_SELECTOR).first().click();\ncy.get(BUTTON_NEXT_QUESTION_SELECTOR).click();\ncy.get(WRONG_ALTERNATIVES_SELECTOR).first().click();\ncy.get(BUTTON_NEXT_QUESTION_SELECTOR).click();\ncy.get(WRONG_ALTERNATIVES_SELECTOR).first().click();\ncy.get(BUTTON_NEXT_QUESTION_SELECTOR).click();\ncy.get(FEEDBACK_TOTAL_SCORE_SELECTOR).should(function ($el) {\n  var state = JSON.parse(localStorage.getItem(LOCAL_STORAGE_STATE_KEY));\n  expect(parseInt($el.text())).to.be.eq(state.player.score);\n});\ncy.get(FEEDBACK_TOTAL_QUESTION_SELECTOR).should(function ($el) {\n  var state = JSON.parse(localStorage.getItem(LOCAL_STORAGE_STATE_KEY));\n  expect(parseInt($el.text())).to.be.eq(state.player.assertions);\n});",
              "err": {},
              "uuid": "5742ca26-61fa-4829-af92-7cc7bf194b20",
              "parentUUID": "8fd69023-620a-4d9d-aa9f-99d683333e59",
              "isHook": false,
              "skipped": false
            },
            {
              "title": "Acertou 4 perguntas",
              "fullTitle": "14 - [TELA DE FEEDBACK] Exiba as informações relacionadas aos resultados obtidos para a pessoa usuária Acertou 4 perguntas",
              "timedOut": null,
              "duration": 2686,
              "state": "passed",
              "speed": "slow",
              "pass": true,
              "fail": false,
              "pending": false,
              "context": null,
              "code": "cy.get(CORRECT_ALTERNATIVE_SELECTOR).click();\ncy.get(BUTTON_NEXT_QUESTION_SELECTOR).click();\ncy.get(CORRECT_ALTERNATIVE_SELECTOR).click();\ncy.get(BUTTON_NEXT_QUESTION_SELECTOR).click();\ncy.get(CORRECT_ALTERNATIVE_SELECTOR).click();\ncy.get(BUTTON_NEXT_QUESTION_SELECTOR).click();\ncy.get(WRONG_ALTERNATIVES_SELECTOR).first().click();\ncy.get(BUTTON_NEXT_QUESTION_SELECTOR).click();\ncy.get(CORRECT_ALTERNATIVE_SELECTOR).click();\ncy.get(BUTTON_NEXT_QUESTION_SELECTOR).click();\ncy.get(FEEDBACK_TOTAL_SCORE_SELECTOR).should(function ($el) {\n  var state = JSON.parse(localStorage.getItem(LOCAL_STORAGE_STATE_KEY));\n  expect(parseInt($el.text())).to.be.eq(state.player.score);\n});\ncy.get(FEEDBACK_TOTAL_QUESTION_SELECTOR).should(function ($el) {\n  var state = JSON.parse(localStorage.getItem(LOCAL_STORAGE_STATE_KEY));\n  expect(parseInt($el.text())).to.be.eq(state.player.assertions);\n});",
              "err": {},
              "uuid": "6b7ae95e-efe8-4c38-82f5-98186b0dcaca",
              "parentUUID": "8fd69023-620a-4d9d-aa9f-99d683333e59",
              "isHook": false,
              "skipped": false
            }
          ],
          "suites": [],
          "passes": [
            "62679544-145c-4766-a048-c2728ae6e4ca",
            "5742ca26-61fa-4829-af92-7cc7bf194b20",
            "6b7ae95e-efe8-4c38-82f5-98186b0dcaca"
          ],
          "failures": [],
          "pending": [],
          "skipped": [],
          "duration": 8621,
          "root": false,
          "rootEmpty": false,
          "_timeout": 2000
        },
        {
          "uuid": "3881f30b-9864-4145-9501-a02ff8050ac0",
          "title": "15 - [TELA DE FEEDBACK] Crie a opção para a pessoa jogadora poder jogar novamente",
          "fullFile": "",
          "file": "",
          "beforeHooks": [],
          "afterHooks": [],
          "tests": [
            {
              "title": "A pessoa deve ser redirecionada para tela inicial",
              "fullTitle": "15 - [TELA DE FEEDBACK] Crie a opção para a pessoa jogadora poder jogar novamente A pessoa deve ser redirecionada para tela inicial",
              "timedOut": null,
              "duration": 2130,
              "state": "passed",
              "speed": "slow",
              "pass": true,
              "fail": false,
              "pending": false,
              "context": null,
              "code": "cy.get(BUTTON_PLAY_AGAIN_SELECTOR).click();\ncy.get(INPUT_PLAYER_EMAIL_SELECTOR).should('exist');",
              "err": {},
              "uuid": "5c29f9b2-c332-40c0-9e45-c8134975cdee",
              "parentUUID": "3881f30b-9864-4145-9501-a02ff8050ac0",
              "isHook": false,
              "skipped": false
            }
          ],
          "suites": [],
          "passes": [
            "5c29f9b2-c332-40c0-9e45-c8134975cdee"
          ],
          "failures": [],
          "pending": [],
          "skipped": [],
          "duration": 2130,
          "root": false,
          "rootEmpty": false,
          "_timeout": 2000
        },
        {
          "uuid": "9c3df1d8-f587-4aea-a363-578c56b63658",
          "title": "16 - [TELA DE FEEDBACK] Crie a opção para a pessoa jogadora poder visualizar a tela de _ranking_",
          "fullFile": "",
          "file": "",
          "beforeHooks": [],
          "afterHooks": [],
          "tests": [
            {
              "title": "A pessoa deve ser redirecionada para tela de ranking",
              "fullTitle": "16 - [TELA DE FEEDBACK] Crie a opção para a pessoa jogadora poder visualizar a tela de _ranking_ A pessoa deve ser redirecionada para tela de ranking",
              "timedOut": null,
              "duration": 2395,
              "state": "passed",
              "speed": "slow",
              "pass": true,
              "fail": false,
              "pending": false,
              "context": null,
              "code": "cy.get(BUTTON_RANKING_SELECTOR).click();\ncy.get(RANKING_TITLE_SELECTOR).should('exist');",
              "err": {},
              "uuid": "bba96237-4b37-44a7-a227-20b0af9ecd5a",
              "parentUUID": "9c3df1d8-f587-4aea-a363-578c56b63658",
              "isHook": false,
              "skipped": false
            }
          ],
          "suites": [],
          "passes": [
            "bba96237-4b37-44a7-a227-20b0af9ecd5a"
          ],
          "failures": [],
          "pending": [],
          "skipped": [],
          "duration": 2395,
          "root": false,
          "rootEmpty": false,
          "_timeout": 2000
        },
        {
          "uuid": "eb9422c0-17de-4582-89df-ba99b88d3dde",
          "title": "17 - [TELA DE RANKING] Crie a tela de _ranking_",
          "fullFile": "",
          "file": "",
          "beforeHooks": [],
          "afterHooks": [],
          "tests": [
            {
              "title": "Deve existir uma pessoa no _ranking_",
              "fullTitle": "17 - [TELA DE RANKING] Crie a tela de _ranking_ Deve existir uma pessoa no _ranking_",
              "timedOut": null,
              "duration": 12663,
              "state": "failed",
              "speed": null,
              "pass": false,
              "fail": true,
              "pending": false,
              "context": null,
              "code": "cy.get(RANKING_PLAYERS_NAME_SELECTOR).should(function ($el) {\n  expect($el).to.have.lengthOf(1);\n});",
              "err": {
                "message": "CypressError: Timed out retrying: Expected to find element: '[data-testid*=\"player-name\"]', but never found it.",
                "estack": "CypressError: Timed out retrying: Expected to find element: '[data-testid*=\"player-name\"]', but never found it.\n    at Object.cypressErr (http://localhost:3000/__cypress/runner/cypress_runner.js:86206:11)\n    at Object.throwErr (http://localhost:3000/__cypress/runner/cypress_runner.js:86161:18)\n    at Object.throwErrByPath (http://localhost:3000/__cypress/runner/cypress_runner.js:86193:17)\n    at retry (http://localhost:3000/__cypress/runner/cypress_runner.js:76849:16)\n    at onFailFn (http://localhost:3000/__cypress/runner/cypress_runner.js:65634:16)\n    at tryCatcher (http://localhost:3000/__cypress/runner/cypress_runner.js:120669:23)\n    at Promise._settlePromiseFromHandler (http://localhost:3000/__cypress/runner/cypress_runner.js:118605:31)\n    at Promise._settlePromise (http://localhost:3000/__cypress/runner/cypress_runner.js:118662:18)\n    at Promise._settlePromise0 (http://localhost:3000/__cypress/runner/cypress_runner.js:118707:10)\n    at Promise._settlePromises (http://localhost:3000/__cypress/runner/cypress_runner.js:118782:18)\n    at Async../node_modules/bluebird/js/release/async.js.Async._drainQueue (http://localhost:3000/__cypress/runner/cypress_runner.js:115394:16)\n    at Async../node_modules/bluebird/js/release/async.js.Async._drainQueues (http://localhost:3000/__cypress/runner/cypress_runner.js:115404:10)\n    at Async.drainQueues (http://localhost:3000/__cypress/runner/cypress_runner.js:115278:14)",
                "diff": null
              },
              "uuid": "8fc0a185-ef3a-4d17-82fb-c772e099ec8f",
              "parentUUID": "eb9422c0-17de-4582-89df-ba99b88d3dde",
              "isHook": false,
              "skipped": false
            },
            {
              "title": "Devem existir duas pessoas no _ranking_",
              "fullTitle": "17 - [TELA DE RANKING] Crie a tela de _ranking_ Devem existir duas pessoas no _ranking_",
              "timedOut": null,
              "duration": 17352,
              "state": "failed",
              "speed": null,
              "pass": false,
              "fail": true,
              "pending": false,
              "context": null,
              "code": "cy.get(BUTTON_GO_HOME_SELECTOR).click();\ncy.get(INPUT_PLAYER_NAME_SELECTOR).clear();\ncy.get(INPUT_PLAYER_EMAIL_SELECTOR).clear();\ncy.get(INPUT_PLAYER_NAME_SELECTOR).type(name2);\ncy.get(INPUT_PLAYER_EMAIL_SELECTOR).type(email2);\ncy.get(BUTTON_PLAY_SELECTOR).click();\ncy.get(CORRECT_ALTERNATIVE_SELECTOR).click();\ncy.get(BUTTON_NEXT_QUESTION_SELECTOR).click();\ncy.get(CORRECT_ALTERNATIVE_SELECTOR).click();\ncy.get(BUTTON_NEXT_QUESTION_SELECTOR).click();\ncy.get(CORRECT_ALTERNATIVE_SELECTOR).click();\ncy.get(BUTTON_NEXT_QUESTION_SELECTOR).click();\ncy.get(CORRECT_ALTERNATIVE_SELECTOR).click();\ncy.get(BUTTON_NEXT_QUESTION_SELECTOR).click();\ncy.get(CORRECT_ALTERNATIVE_SELECTOR).click();\ncy.get(BUTTON_NEXT_QUESTION_SELECTOR).click();\ncy.get(BUTTON_RANKING_SELECTOR).click();\ncy.get(RANKING_PLAYERS_NAME_SELECTOR).should(function ($el) {\n  expect($el).to.have.lengthOf(2);\n});",
              "err": {
                "message": "CypressError: Timed out retrying: Expected to find element: '[data-testid*=\"player-name\"]', but never found it.",
                "estack": "CypressError: Timed out retrying: Expected to find element: '[data-testid*=\"player-name\"]', but never found it.\n    at Object.cypressErr (http://localhost:3000/__cypress/runner/cypress_runner.js:86206:11)\n    at Object.throwErr (http://localhost:3000/__cypress/runner/cypress_runner.js:86161:18)\n    at Object.throwErrByPath (http://localhost:3000/__cypress/runner/cypress_runner.js:86193:17)\n    at retry (http://localhost:3000/__cypress/runner/cypress_runner.js:76849:16)\n    at onFailFn (http://localhost:3000/__cypress/runner/cypress_runner.js:65634:16)\n    at tryCatcher (http://localhost:3000/__cypress/runner/cypress_runner.js:120669:23)\n    at Promise._settlePromiseFromHandler (http://localhost:3000/__cypress/runner/cypress_runner.js:118605:31)\n    at Promise._settlePromise (http://localhost:3000/__cypress/runner/cypress_runner.js:118662:18)\n    at Promise._settlePromise0 (http://localhost:3000/__cypress/runner/cypress_runner.js:118707:10)\n    at Promise._settlePromises (http://localhost:3000/__cypress/runner/cypress_runner.js:118782:18)\n    at Async../node_modules/bluebird/js/release/async.js.Async._drainQueue (http://localhost:3000/__cypress/runner/cypress_runner.js:115394:16)\n    at Async../node_modules/bluebird/js/release/async.js.Async._drainQueues (http://localhost:3000/__cypress/runner/cypress_runner.js:115404:10)\n    at Async.drainQueues (http://localhost:3000/__cypress/runner/cypress_runner.js:115278:14)",
                "diff": null
              },
              "uuid": "2f212ef4-3a35-4861-a20b-ed33b6c30fe1",
              "parentUUID": "eb9422c0-17de-4582-89df-ba99b88d3dde",
              "isHook": false,
              "skipped": false
            },
            {
              "title": "O _ranking_ deve ser ordenado pela pontuação",
              "fullTitle": "17 - [TELA DE RANKING] Crie a tela de _ranking_ O _ranking_ deve ser ordenado pela pontuação",
              "timedOut": null,
              "duration": 26002,
              "state": "failed",
              "speed": null,
              "pass": false,
              "fail": true,
              "pending": false,
              "context": null,
              "code": "cy.get(BUTTON_GO_HOME_SELECTOR).click();\ncy.get(INPUT_PLAYER_NAME_SELECTOR).clear();\ncy.get(INPUT_PLAYER_EMAIL_SELECTOR).clear();\ncy.get(INPUT_PLAYER_NAME_SELECTOR).type(name2);\ncy.get(INPUT_PLAYER_EMAIL_SELECTOR).type(email2);\ncy.get(BUTTON_PLAY_SELECTOR).click();\ncy.get(WRONG_ALTERNATIVES_SELECTOR).first().click();\ncy.get(BUTTON_NEXT_QUESTION_SELECTOR).click();\ncy.get(WRONG_ALTERNATIVES_SELECTOR).first().click();\ncy.get(BUTTON_NEXT_QUESTION_SELECTOR).click();\ncy.get(WRONG_ALTERNATIVES_SELECTOR).first().click();\ncy.get(BUTTON_NEXT_QUESTION_SELECTOR).click();\ncy.get(WRONG_ALTERNATIVES_SELECTOR).first().click();\ncy.get(BUTTON_NEXT_QUESTION_SELECTOR).click();\ncy.get(WRONG_ALTERNATIVES_SELECTOR).first().click();\ncy.get(BUTTON_NEXT_QUESTION_SELECTOR).click();\ncy.get(BUTTON_RANKING_SELECTOR).click();\ncy.get(BUTTON_GO_HOME_SELECTOR).click();\ncy.get(INPUT_PLAYER_NAME_SELECTOR).clear();\ncy.get(INPUT_PLAYER_EMAIL_SELECTOR).clear();\ncy.get(INPUT_PLAYER_NAME_SELECTOR).type(name3);\ncy.get(INPUT_PLAYER_EMAIL_SELECTOR).type(email3);\ncy.get(BUTTON_PLAY_SELECTOR).click();\ncy.get(CORRECT_ALTERNATIVE_SELECTOR).click();\ncy.get(BUTTON_NEXT_QUESTION_SELECTOR).click();\ncy.get(WRONG_ALTERNATIVES_SELECTOR).first().click();\ncy.get(BUTTON_NEXT_QUESTION_SELECTOR).click();\ncy.get(WRONG_ALTERNATIVES_SELECTOR).first().click();\ncy.get(BUTTON_NEXT_QUESTION_SELECTOR).click();\ncy.get(WRONG_ALTERNATIVES_SELECTOR).first().click();\ncy.get(BUTTON_NEXT_QUESTION_SELECTOR).click();\ncy.get(WRONG_ALTERNATIVES_SELECTOR).first().click();\ncy.get(BUTTON_NEXT_QUESTION_SELECTOR).click();\ncy.get(BUTTON_RANKING_SELECTOR).click();\nvar ranking = [name1, name3, name2];\ncy.get(RANKING_PLAYERS_NAME_SELECTOR).should(function ($el) {\n  expect($el).to.have.lengthOf(3);\n});\ncy.get(RANKING_PLAYERS_NAME_SELECTOR).each(function ($el, $index) {\n  expect($el.text()).to.be.eq(ranking[$index]);\n});",
              "err": {
                "message": "CypressError: Timed out retrying: Expected to find element: '[data-testid*=\"player-name\"]', but never found it.",
                "estack": "CypressError: Timed out retrying: Expected to find element: '[data-testid*=\"player-name\"]', but never found it.\n    at Object.cypressErr (http://localhost:3000/__cypress/runner/cypress_runner.js:86206:11)\n    at Object.throwErr (http://localhost:3000/__cypress/runner/cypress_runner.js:86161:18)\n    at Object.throwErrByPath (http://localhost:3000/__cypress/runner/cypress_runner.js:86193:17)\n    at retry (http://localhost:3000/__cypress/runner/cypress_runner.js:76849:16)\n    at onFailFn (http://localhost:3000/__cypress/runner/cypress_runner.js:65634:16)\n    at tryCatcher (http://localhost:3000/__cypress/runner/cypress_runner.js:120669:23)\n    at Promise._settlePromiseFromHandler (http://localhost:3000/__cypress/runner/cypress_runner.js:118605:31)\n    at Promise._settlePromise (http://localhost:3000/__cypress/runner/cypress_runner.js:118662:18)\n    at Promise._settlePromise0 (http://localhost:3000/__cypress/runner/cypress_runner.js:118707:10)\n    at Promise._settlePromises (http://localhost:3000/__cypress/runner/cypress_runner.js:118782:18)\n    at Async../node_modules/bluebird/js/release/async.js.Async._drainQueue (http://localhost:3000/__cypress/runner/cypress_runner.js:115394:16)\n    at Async../node_modules/bluebird/js/release/async.js.Async._drainQueues (http://localhost:3000/__cypress/runner/cypress_runner.js:115404:10)\n    at Async.drainQueues (http://localhost:3000/__cypress/runner/cypress_runner.js:115278:14)",
                "diff": null
              },
              "uuid": "0ce7b250-ca44-45ad-a069-01d5b930d733",
              "parentUUID": "eb9422c0-17de-4582-89df-ba99b88d3dde",
              "isHook": false,
              "skipped": false
            }
          ],
          "suites": [],
          "passes": [],
          "failures": [
            "8fc0a185-ef3a-4d17-82fb-c772e099ec8f",
            "2f212ef4-3a35-4861-a20b-ed33b6c30fe1",
            "0ce7b250-ca44-45ad-a069-01d5b930d733"
          ],
          "pending": [],
          "skipped": [],
          "duration": 56017,
          "root": false,
          "rootEmpty": false,
          "_timeout": 2000
        },
        {
          "uuid": "87af624b-1c07-4096-8a9e-ebb92ea469f3",
          "title": "18 - [TELA DE RANKING] Crie um botão para ir ao início",
          "fullFile": "",
          "file": "",
          "beforeHooks": [],
          "afterHooks": [],
          "tests": [
            {
              "title": "Volta para a tela inicial",
              "fullTitle": "18 - [TELA DE RANKING] Crie um botão para ir ao início Volta para a tela inicial",
              "timedOut": null,
              "duration": 6101,
              "state": "passed",
              "speed": "slow",
              "pass": true,
              "fail": false,
              "pending": false,
              "context": null,
              "code": "cy.visit('http://localhost:3000/');\ncy.clearLocalStorage();\ncy.get(INPUT_PLAYER_NAME_SELECTOR).type(name1);\ncy.get(INPUT_PLAYER_EMAIL_SELECTOR).type(email1);\ncy.get(BUTTON_PLAY_SELECTOR).click();\ncy.get(CORRECT_ALTERNATIVE_SELECTOR).click();\ncy.get(BUTTON_NEXT_QUESTION_SELECTOR).click();\ncy.get(CORRECT_ALTERNATIVE_SELECTOR).click();\ncy.get(BUTTON_NEXT_QUESTION_SELECTOR).click();\ncy.get(CORRECT_ALTERNATIVE_SELECTOR).click();\ncy.get(BUTTON_NEXT_QUESTION_SELECTOR).click();\ncy.get(CORRECT_ALTERNATIVE_SELECTOR).click();\ncy.get(BUTTON_NEXT_QUESTION_SELECTOR).click();\ncy.get(CORRECT_ALTERNATIVE_SELECTOR).click();\ncy.get(BUTTON_NEXT_QUESTION_SELECTOR).click();\ncy.get(BUTTON_RANKING_SELECTOR).click();\ncy.get(BUTTON_GO_HOME_SELECTOR).click();\ncy.get(INPUT_PLAYER_EMAIL_SELECTOR).should('exist');\nvar storage = Object.keys(localStorage).length;\nexpect(storage).to.be.lessThan(4);",
              "err": {},
              "uuid": "ee07aeba-e489-41d9-9289-e814e92f20a4",
              "parentUUID": "87af624b-1c07-4096-8a9e-ebb92ea469f3",
              "isHook": false,
              "skipped": false
            }
          ],
          "suites": [],
          "passes": [
            "ee07aeba-e489-41d9-9289-e814e92f20a4"
          ],
          "failures": [],
          "pending": [],
          "skipped": [],
          "duration": 6101,
          "root": false,
          "rootEmpty": false,
          "_timeout": 2000
        }
      ],
      "passes": [],
      "failures": [],
      "pending": [],
      "skipped": [],
      "duration": 0,
      "root": true,
      "rootEmpty": true,
      "_timeout": 2000
    }
  ],
  "meta": {
    "mocha": {
      "version": "7.2.0"
    },
    "mochawesome": {
      "options": {
        "quiet": false,
        "reportFilename": "mochawesome",
        "saveHtml": false,
        "saveJson": true,
        "consoleReporter": "spec",
        "useInlineDiffs": false,
        "code": true
      },
      "version": "6.1.1"
    },
    "marge": {
      "options": {
        "id": "default",
        "reportDir": "cypress/reports",
        "overwrite": true,
        "html": false,
        "json": true
      },
      "version": "5.1.0"
    }
  }
}