<?xml version="1.0" encoding="UTF-8"?>
<coverage generated="1633231270812" clover="3.2.0">
  <project timestamp="1633231270812" name="All files">
    <metrics statements="3" coveredstatements="3" conditionals="0" coveredconditionals="0" methods="1" coveredmethods="1" elements="4" coveredelements="4" complexity="0" loc="3" ncloc="3" packages="1" files="1" classes="1"/>
    <file name="RenderWithRouter.js" path="/home/daniel/Documentos/Pikahoot/src/services/RenderWithRouter.js">
      <metrics statements="3" coveredstatements="3" conditionals="0" coveredconditionals="0" methods="1" coveredmethods="1"/>
      <line num="8" count="1" type="stmt"/>
      <line num="9" count="7" type="stmt"/>
      <line num="10" count="7" type="stmt"/>
    </file>
  </project>
</coverage>
