{"/home/daniel/Documentos/Pikahoot/src/services/RenderWithRouter.js": {"path":"/home/daniel/Documentos/Pikahoot/src/services/RenderWithRouter.js","statementMap":{"0":{"start":{"line":8,"column":25},"end":{"line":13,"column":1}},"1":{"start":{"line":9,"column":18},"end":{"line":9,"column":39}},"2":{"start":{"line":10,"column":2},"end":{"line":12,"column":5}}},"fnMap":{"0":{"name":"(anonymous_0)","decl":{"start":{"line":8,"column":25},"end":{"line":8,"column":26}},"loc":{"start":{"line":8,"column":40},"end":{"line":13,"column":1}},"line":8}},"branchMap":{},"s":{"0":1,"1":7,"2":7},"f":{"0":7},"b":{},"_coverageSchema":"43e27e138ebf9cfc5966b082cf9a028302ed4184","hash":"496c3c6c8f4cff4a4f287518ce52b33022c97920"}
}
